2024-11-08 10:50:01,242 ERROR frappe Could not take error snapshot: cannot import name 'check_rent_expiry_and_send_reminders' from 'airport_shop_management.api' (/home/madhu/my-bench/apps/airport_shop_management/airport_shop_management/api.py)
Site: demo3
Form Dict: {}
Traceback (most recent call last):
  File "/home/madhu/my-bench/apps/frappe/frappe/utils/caching.py", line 55, in wrapper
    return frappe.local.request_cache[func][args_key]
KeyError: 5740354900026072187

During handling of the above exception, another exception occurred:

Traceback (most recent call last):
  File "/home/madhu/my-bench/apps/frappe/frappe/app.py", line 99, in application
    init_request(request)
  File "/home/madhu/my-bench/apps/frappe/frappe/app.py", line 195, in init_request
    frappe.local.http_request = HTTPRequest()
  File "/home/madhu/my-bench/apps/frappe/frappe/auth.py", line 42, in __init__
    self.set_session()
  File "/home/madhu/my-bench/apps/frappe/frappe/auth.py", line 76, in set_session
    frappe.local.login_manager = LoginManager()
  File "/home/madhu/my-bench/apps/frappe/frappe/auth.py", line 118, in __init__
    self.make_session(resume=True)
  File "/home/madhu/my-bench/apps/frappe/frappe/auth.py", line 204, in make_session
    frappe.local.session_obj = Session(
  File "/home/madhu/my-bench/apps/frappe/frappe/sessions.py", line 212, in __init__
    self.resume()
  File "/home/madhu/my-bench/apps/frappe/frappe/sessions.py", line 288, in resume
    self.validate_user()
  File "/home/madhu/my-bench/apps/frappe/frappe/sessions.py", line 220, in validate_user
    if not frappe.get_cached_value("User", self.user, "enabled"):
  File "/home/madhu/my-bench/apps/frappe/frappe/__init__.py", line 1264, in get_cached_value
    doc = get_cached_doc(doctype, name)
  File "/home/madhu/my-bench/apps/frappe/frappe/__init__.py", line 1207, in get_cached_doc
    doc = get_doc(*args, **kwargs)
  File "/home/madhu/my-bench/apps/frappe/frappe/__init__.py", line 1333, in get_doc
    doc = frappe.model.document.get_doc(*args, **kwargs)
  File "/home/madhu/my-bench/apps/frappe/frappe/model/document.py", line 83, in get_doc
    controller = get_controller(doctype)
  File "/home/madhu/my-bench/apps/frappe/frappe/model/base_document.py", line 66, in get_controller
    return import_controller(doctype)
  File "/home/madhu/my-bench/apps/frappe/frappe/model/base_document.py", line 88, in import_controller
    class_overrides = frappe.get_hooks("override_doctype_class")
  File "/home/madhu/my-bench/apps/frappe/frappe/__init__.py", line 1641, in get_hooks
    hooks = _dict(_load_app_hooks())
  File "/home/madhu/my-bench/apps/frappe/frappe/utils/caching.py", line 57, in wrapper
    return_val = func(*args, **kwargs)
  File "/home/madhu/my-bench/apps/frappe/frappe/__init__.py", line 1610, in _load_app_hooks
    app_hooks = get_module(f"{app}.hooks")
  File "/home/madhu/my-bench/apps/frappe/frappe/__init__.py", line 1476, in get_module
    return importlib.import_module(modulename)
  File "/usr/lib/python3.10/importlib/__init__.py", line 126, in import_module
    return _bootstrap._gcd_import(name[level:], package, level)
  File "<frozen importlib._bootstrap>", line 1050, in _gcd_import
  File "<frozen importlib._bootstrap>", line 1027, in _find_and_load
  File "<frozen importlib._bootstrap>", line 992, in _find_and_load_unlocked
  File "<frozen importlib._bootstrap>", line 241, in _call_with_frames_removed
  File "<frozen importlib._bootstrap>", line 1050, in _gcd_import
  File "<frozen importlib._bootstrap>", line 1027, in _find_and_load
  File "<frozen importlib._bootstrap>", line 1006, in _find_and_load_unlocked
  File "<frozen importlib._bootstrap>", line 688, in _load_unlocked
  File "<frozen importlib._bootstrap_external>", line 883, in exec_module
  File "<frozen importlib._bootstrap>", line 241, in _call_with_frames_removed
  File "/home/madhu/my-bench/apps/airport_shop_management/airport_shop_management/__init__.py", line 2, in <module>
    from .api import check_rent_expiry_and_send_reminders
ImportError: cannot import name 'check_rent_expiry_and_send_reminders' from 'airport_shop_management.api' (/home/madhu/my-bench/apps/airport_shop_management/airport_shop_management/api.py)

During handling of the above exception, another exception occurred:

Traceback (most recent call last):
  File "/home/madhu/my-bench/apps/frappe/frappe/utils/caching.py", line 55, in wrapper
    return frappe.local.request_cache[func][args_key]
KeyError: 5740354900026072187

During handling of the above exception, another exception occurred:

Traceback (most recent call last):
  File "/home/madhu/my-bench/apps/frappe/frappe/utils/error.py", line 86, in log_error_snapshot
    log_error(title=str(exception), defer_insert=True)
  File "/home/madhu/my-bench/apps/frappe/frappe/utils/error.py", line 61, in log_error
    error_log = frappe.get_doc(
  File "/home/madhu/my-bench/apps/frappe/frappe/__init__.py", line 1333, in get_doc
    doc = frappe.model.document.get_doc(*args, **kwargs)
  File "/home/madhu/my-bench/apps/frappe/frappe/model/document.py", line 83, in get_doc
    controller = get_controller(doctype)
  File "/home/madhu/my-bench/apps/frappe/frappe/model/base_document.py", line 66, in get_controller
    return import_controller(doctype)
  File "/home/madhu/my-bench/apps/frappe/frappe/model/base_document.py", line 88, in import_controller
    class_overrides = frappe.get_hooks("override_doctype_class")
  File "/home/madhu/my-bench/apps/frappe/frappe/__init__.py", line 1641, in get_hooks
    hooks = _dict(_load_app_hooks())
  File "/home/madhu/my-bench/apps/frappe/frappe/utils/caching.py", line 57, in wrapper
    return_val = func(*args, **kwargs)
  File "/home/madhu/my-bench/apps/frappe/frappe/__init__.py", line 1610, in _load_app_hooks
    app_hooks = get_module(f"{app}.hooks")
  File "/home/madhu/my-bench/apps/frappe/frappe/__init__.py", line 1476, in get_module
    return importlib.import_module(modulename)
  File "/usr/lib/python3.10/importlib/__init__.py", line 126, in import_module
    return _bootstrap._gcd_import(name[level:], package, level)
  File "<frozen importlib._bootstrap>", line 1050, in _gcd_import
  File "<frozen importlib._bootstrap>", line 1027, in _find_and_load
  File "<frozen importlib._bootstrap>", line 992, in _find_and_load_unlocked
  File "<frozen importlib._bootstrap>", line 241, in _call_with_frames_removed
  File "<frozen importlib._bootstrap>", line 1050, in _gcd_import
  File "<frozen importlib._bootstrap>", line 1027, in _find_and_load
  File "<frozen importlib._bootstrap>", line 1006, in _find_and_load_unlocked
  File "<frozen importlib._bootstrap>", line 688, in _load_unlocked
  File "<frozen importlib._bootstrap_external>", line 883, in exec_module
  File "<frozen importlib._bootstrap>", line 241, in _call_with_frames_removed
  File "/home/madhu/my-bench/apps/airport_shop_management/airport_shop_management/__init__.py", line 2, in <module>
    from .api import check_rent_expiry_and_send_reminders
ImportError: cannot import name 'check_rent_expiry_and_send_reminders' from 'airport_shop_management.api' (/home/madhu/my-bench/apps/airport_shop_management/airport_shop_management/api.py)
2024-11-08 10:50:01,244 ERROR frappe Failed to run after request hook
Site: demo3
Form Dict: {}
Traceback (most recent call last):
  File "/home/madhu/my-bench/apps/frappe/frappe/utils/caching.py", line 55, in wrapper
    return frappe.local.request_cache[func][args_key]
KeyError: 5740354900026072187

During handling of the above exception, another exception occurred:

Traceback (most recent call last):
  File "/home/madhu/my-bench/apps/frappe/frappe/app.py", line 146, in application
    run_after_request_hooks(request, response)
  File "/home/madhu/my-bench/apps/frappe/frappe/app.py", line 161, in run_after_request_hooks
    for after_request_task in frappe.get_hooks("after_request"):
  File "/home/madhu/my-bench/apps/frappe/frappe/__init__.py", line 1641, in get_hooks
    hooks = _dict(_load_app_hooks())
  File "/home/madhu/my-bench/apps/frappe/frappe/utils/caching.py", line 57, in wrapper
    return_val = func(*args, **kwargs)
  File "/home/madhu/my-bench/apps/frappe/frappe/__init__.py", line 1610, in _load_app_hooks
    app_hooks = get_module(f"{app}.hooks")
  File "/home/madhu/my-bench/apps/frappe/frappe/__init__.py", line 1476, in get_module
    return importlib.import_module(modulename)
  File "/usr/lib/python3.10/importlib/__init__.py", line 126, in import_module
    return _bootstrap._gcd_import(name[level:], package, level)
  File "<frozen importlib._bootstrap>", line 1050, in _gcd_import
  File "<frozen importlib._bootstrap>", line 1027, in _find_and_load
  File "<frozen importlib._bootstrap>", line 992, in _find_and_load_unlocked
  File "<frozen importlib._bootstrap>", line 241, in _call_with_frames_removed
  File "<frozen importlib._bootstrap>", line 1050, in _gcd_import
  File "<frozen importlib._bootstrap>", line 1027, in _find_and_load
  File "<frozen importlib._bootstrap>", line 1006, in _find_and_load_unlocked
  File "<frozen importlib._bootstrap>", line 688, in _load_unlocked
  File "<frozen importlib._bootstrap_external>", line 883, in exec_module
  File "<frozen importlib._bootstrap>", line 241, in _call_with_frames_removed
  File "/home/madhu/my-bench/apps/airport_shop_management/airport_shop_management/__init__.py", line 2, in <module>
    from .api import check_rent_expiry_and_send_reminders
ImportError: cannot import name 'check_rent_expiry_and_send_reminders' from 'airport_shop_management.api' (/home/madhu/my-bench/apps/airport_shop_management/airport_shop_management/api.py)
2024-11-08 10:53:24,688 ERROR frappe New Exception collected in error log
Site: demo3
Form Dict: {'doc': '{"docstatus":0,"doctype":"Shop","name":"new-shop-kjefpjlkes","__islocal":1,"__unsaved":1,"owner":"Administrator","status":"Occupied","shop_number":"107","shop_name":"Electronic Store","area":150,"airport":"Delhi International","tenant":"Madhu","rent_amount":40000,"expiry_date":"2024-11-09"}', 'action': 'Save', 'cmd': 'frappe.desk.form.save.savedocs'}
2024-11-08 10:53:31,899 ERROR frappe New Exception collected in error log
Site: demo3
Form Dict: {'doc': '{"docstatus":0,"doctype":"Shop","name":"new-shop-kjefpjlkes","__islocal":1,"__unsaved":1,"owner":"Administrator","status":"Occupied","shop_number":"107","shop_name":"Electronic Store","area":150,"airport":"Delhi International","tenant":"Madhu","rent_amount":40000,"expiry_date":"2024-11-09"}', 'action': 'Save', 'cmd': 'frappe.desk.form.save.savedocs'}
