2024-11-07 10:23:02,433 ERROR frappe New Exception collected in error log
Site: demo3
Form Dict: {'doc': '{"name":"Airports","creation":"2024-11-05 17:23:03.973077","modified":"2024-11-06 10:29:29.887979","modified_by":"Administrator","owner":"Administrator","docstatus":0,"idx":0,"issingle":0,"is_virtual":0,"is_tree":0,"istable":0,"editable_grid":0,"track_changes":0,"module":"Airport Shop Management","autoname":"format:{name1}","naming_rule":"Expression","sort_field":"modified","sort_order":"DESC","read_only":0,"in_create":0,"allow_copy":0,"allow_rename":1,"allow_import":0,"hide_toolbar":0,"track_seen":0,"max_attachments":0,"document_type":"","engine":"InnoDB","is_submittable":0,"show_name_in_global_search":0,"custom":0,"beta":0,"has_web_view":0,"allow_guest_to_view":0,"email_append_to":0,"show_title_field_in_link":0,"translated_doctype":0,"is_calendar_and_gantt":0,"quick_entry":0,"track_views":0,"queue_in_background":0,"allow_events_in_timeline":0,"allow_auto_repeat":0,"make_attachments_public":0,"force_re_route_to_default_view":0,"show_preview_popup":0,"index_web_pages_for_search":1,"doctype":"DocType","links":[],"permissions":[{"name":"8hpvdu9qu9","creation":"2024-11-05 17:23:03.973077","modified":"2024-11-06 10:29:29.887979","modified_by":"Administrator","owner":"Administrator","docstatus":0,"parent":"Airports","parentfield":"permissions","parenttype":"DocType","idx":1,"permlevel":0,"role":"System Manager","read":1,"write":1,"create":1,"submit":0,"cancel":0,"delete":1,"amend":0,"report":1,"export":1,"import":0,"share":1,"print":1,"email":1,"if_owner":0,"select":0,"doctype":"DocPerm"}],"actions":[],"states":[],"fields":[{"docstatus":0,"doctype":"DocField","name":"new-docfield-fxjrcptvjg","__islocal":1,"__unsaved":1,"owner":"Administrator","fieldtype":"Link","precision":"","non_negative":0,"hide_days":0,"hide_seconds":0,"reqd":1,"is_virtual":0,"search_index":0,"sort_options":0,"show_dashboard":0,"fetch_if_empty":0,"hidden":0,"bold":0,"allow_in_quick_entry":0,"translatable":0,"print_hide":0,"print_hide_if_no_value":0,"report_hide":0,"collapsible":0,"hide_border":0,"in_list_view":1,"in_standard_filter":0,"in_preview":0,"in_filter":0,"in_global_search":0,"read_only":0,"allow_on_submit":0,"ignore_user_permissions":0,"allow_bulk_edit":0,"permlevel":0,"ignore_xss_filter":0,"unique":0,"no_copy":0,"set_only_once":0,"remember_last_selected_value":0,"parent":"Airports","parentfield":"fields","parenttype":"DocType","idx":1,"fieldname":"name1","label":"Name","options":"Airport","show_preview_popup":0,"columns":0,"length":0},{"docstatus":0,"doctype":"DocField","name":"new-docfield-uqoccuehue","__islocal":1,"__unsaved":1,"owner":"Administrator","fieldtype":"Data","precision":"","non_negative":0,"hide_days":0,"hide_seconds":0,"reqd":0,"is_virtual":0,"search_index":0,"sort_options":0,"show_dashboard":0,"fetch_if_empty":0,"hidden":0,"bold":0,"allow_in_quick_entry":0,"translatable":0,"print_hide":0,"print_hide_if_no_value":0,"report_hide":0,"collapsible":0,"hide_border":0,"in_list_view":0,"in_standard_filter":0,"in_preview":0,"in_filter":0,"in_global_search":0,"read_only":0,"allow_on_submit":0,"ignore_user_permissions":0,"allow_bulk_edit":0,"permlevel":0,"ignore_xss_filter":0,"unique":0,"no_copy":0,"set_only_once":0,"remember_last_selected_value":0,"parent":"Airports","parentfield":"fields","parenttype":"DocType","idx":2,"fieldname":"location","label":"Location","show_preview_popup":0,"columns":0,"length":0},{"docstatus":0,"doctype":"DocField","name":"new-docfield-kcbvytltud","__islocal":1,"__unsaved":1,"owner":"Administrator","fieldtype":"Int","precision":"","non_negative":0,"hide_days":0,"hide_seconds":0,"reqd":0,"is_virtual":0,"search_index":0,"sort_options":0,"show_dashboard":0,"fetch_if_empty":0,"hidden":0,"bold":0,"allow_in_quick_entry":0,"translatable":0,"print_hide":0,"print_hide_if_no_value":0,"report_hide":0,"collapsible":0,"hide_border":0,"in_list_view":0,"in_standard_filter":0,"in_preview":0,"in_filter":0,"in_global_search":0,"read_only":1,"allow_on_submit":0,"ignore_user_permissions":0,"allow_bulk_edit":0,"permlevel":0,"ignore_xss_filter":0,"unique":0,"no_copy":0,"set_only_once":0,"remember_last_selected_value":0,"parent":"Airports","parentfield":"fields","parenttype":"DocType","idx":3,"fieldname":"total_shops","label":"Total Shops","show_preview_popup":0,"columns":0,"length":0},{"docstatus":0,"doctype":"DocField","name":"new-docfield-bmejoiszyh","__islocal":1,"__unsaved":1,"owner":"Administrator","fieldtype":"Int","precision":"","non_negative":0,"hide_days":0,"hide_seconds":0,"reqd":0,"is_virtual":0,"search_index":0,"sort_options":0,"show_dashboard":0,"fetch_if_empty":0,"hidden":0,"bold":0,"allow_in_quick_entry":0,"translatable":0,"print_hide":0,"print_hide_if_no_value":0,"report_hide":0,"collapsible":0,"hide_border":0,"in_list_view":0,"in_standard_filter":0,"in_preview":0,"in_filter":0,"in_global_search":0,"read_only":1,"allow_on_submit":0,"ignore_user_permissions":0,"allow_bulk_edit":0,"permlevel":0,"ignore_xss_filter":0,"unique":0,"no_copy":0,"set_only_once":0,"remember_last_selected_value":0,"parent":"Airports","parentfield":"fields","parenttype":"DocType","idx":4,"fieldname":"occupied_shops","label":"Occupied Shops","show_preview_popup":0,"columns":0,"length":0}],"__unsaved":1}', 'action': 'Save', 'cmd': 'frappe.desk.form.save.savedocs'}
2024-11-07 10:25:52,269 ERROR frappe New Exception collected in error log
Site: demo3
Form Dict: {'doc': '{"docstatus":0,"doctype":"Shop","name":"new-shop-swaesonaef","__islocal":1,"__unsaved":1,"owner":"Administrator","status":"Occupied","shop_number":"103","shop_name":"Cafe Point","area":120,"airport":"DEL","tenant":"Rajesh","rent_amount":20000,"expiry_date":"2024-11-23"}', 'action': 'Save', 'cmd': 'frappe.desk.form.save.savedocs'}
2024-11-07 10:27:01,668 ERROR frappe New Exception collected in error log
Site: demo3
Form Dict: {'doc': '{"docstatus":0,"doctype":"Shop","name":"new-shop-swaesonaef","__islocal":1,"__unsaved":1,"owner":"Administrator","status":"Occupied","shop_number":"103","shop_name":"Cafe Point","area":120,"airport":"DEL","tenant":"Rajesh","rent_amount":20000,"expiry_date":"2024-11-23"}', 'action': 'Save', 'cmd': 'frappe.desk.form.save.savedocs'}
2024-11-07 10:30:12,786 ERROR frappe New Exception collected in error log
Site: demo3
Form Dict: {'doc': '{"docstatus":0,"doctype":"Shop","name":"new-shop-ksqgwijdnp","__islocal":1,"__unsaved":1,"owner":"Administrator","status":"Occupied","shop_number":"103","shop_name":"Cafe Point","area":120,"airport":"DEL","tenant":"Rajesh","rent_amount":20000,"expiry_date":"2024-11-28"}', 'action': 'Save', 'cmd': 'frappe.desk.form.save.savedocs'}
2024-11-07 12:27:27,839 ERROR frappe New Exception collected in error log
Site: demo3
Form Dict: {'doc': '{"docstatus":0,"doctype":"Shop","name":"new-shop-zfsjlspykd","__islocal":1,"__unsaved":1,"owner":"Administrator","status":"Occupied","shop_number":"103","shop_name":"Cafe Point","area":120,"airport":"DEL","tenant":"Rajesh","rent_amount":20000,"expiry_date":"2024-11-29"}', 'action': 'Save', 'cmd': 'frappe.desk.form.save.savedocs'}
2024-11-07 12:31:32,933 ERROR frappe New Exception collected in error log
Site: demo3
Form Dict: {'doc': '{"name":"Book World","owner":"Administrator","creation":"2024-11-06 10:34:46.922263","modified":"2024-11-06 10:34:46.922263","modified_by":"Administrator","docstatus":0,"idx":2,"shop_number":"102","shop_name":"Book World","area":200,"airport":"LAX","tenant":"Rajesh","rent_amount":12000,"expiry_date":"2024-11-07","status":"Occupied","doctype":"Shop","__last_sync_on":"2024-11-07T07:01:23.508Z","__unsaved":1}', 'action': 'Save', 'cmd': 'frappe.desk.form.save.savedocs'}
2024-11-07 12:35:41,489 ERROR frappe New Exception collected in error log
Site: demo3
Form Dict: {'doc': '{"name":"Book World","owner":"Administrator","creation":"2024-11-06 10:34:46.922263","modified":"2024-11-06 10:34:46.922263","modified_by":"Administrator","docstatus":0,"idx":2,"shop_number":"102","shop_name":"Book World","area":200,"airport":"LAX","tenant":"Rajesh","rent_amount":12000,"expiry_date":"2024-11-07","status":"Available","doctype":"Shop","__last_sync_on":"2024-11-07T07:05:35.221Z","__unsaved":1}', 'action': 'Save', 'cmd': 'frappe.desk.form.save.savedocs'}
2024-11-07 12:39:52,990 ERROR frappe New Exception collected in error log
Site: demo3
Form Dict: {'doc': '{"name":"Coffee Express","owner":"Administrator","creation":"2024-11-06 10:35:33.939335","modified":"2024-11-06 10:35:33.939335","modified_by":"Administrator","docstatus":0,"idx":1,"shop_number":"101","shop_name":"Coffee Express","area":150,"airport":"DEL","rent_amount":10000,"expiry_date":"2024-11-08","status":"Occupied","doctype":"Shop","__last_sync_on":"2024-11-07T07:09:46.738Z","tenant":"Rajesh","__unsaved":1}', 'action': 'Save', 'cmd': 'frappe.desk.form.save.savedocs'}
2024-11-07 12:43:29,883 ERROR frappe New Exception collected in error log
Site: demo3
Form Dict: {'doc': '{"name":"Coffee Express","owner":"Administrator","creation":"2024-11-06 10:35:33.939335","modified":"2024-11-06 10:35:33.939335","modified_by":"Administrator","docstatus":0,"idx":1,"shop_number":"101","shop_name":"Coffee Express","area":150,"airport":"DEL","rent_amount":10000,"expiry_date":"2024-11-08","status":"Occupied","doctype":"Shop","__last_sync_on":"2024-11-07T07:13:22.980Z","tenant":"Rajesh","__unsaved":1}', 'action': 'Save', 'cmd': 'frappe.desk.form.save.savedocs'}
2024-11-07 12:53:40,365 ERROR frappe New Exception collected in error log
Site: demo3
Form Dict: {'doc': '{"docstatus":0,"doctype":"Shop","name":"new-shop-nqifmakcij","__islocal":1,"__unsaved":1,"owner":"Administrator","status":"Occupied","shop_number":"101","shop_name":"Coffee Express","area":150,"airport":"International Swami Vivekanand","tenant":"Raavi","rent_amount":20000,"expiry_date":"2024-11-28"}', 'action': 'Save', 'cmd': 'frappe.desk.form.save.savedocs'}
2024-11-07 13:00:33,448 ERROR frappe New Exception collected in error log
Site: demo3
Form Dict: {'doc': '{"name":"Coffee Express","owner":"Administrator","creation":"2024-11-07 12:54:07.543351","modified":"2024-11-07 12:55:18.761104","modified_by":"Administrator","docstatus":0,"idx":2,"shop_number":"101","shop_name":"Coffee Express","area":150,"airport":"International Swami Vivekanand","tenant":"Raavi","rent_amount":20000,"expiry_date":"2024-11-28","status":"Occupied","doctype":"Shop","__last_sync_on":"2024-11-07T07:30:23.588Z","__unsaved":1}', 'action': 'Save', 'cmd': 'frappe.desk.form.save.savedocs'}
2024-11-08 10:48:55,986 ERROR frappe Could not take error snapshot: cannot import name 'check_rent_expiry_and_send_reminders' from 'airport_shop_management.api' (/home/madhu/my-bench/apps/airport_shop_management/airport_shop_management/api.py)
Site: demo3
Form Dict: {}
Traceback (most recent call last):
  File "/home/madhu/my-bench/apps/frappe/frappe/utils/caching.py", line 55, in wrapper
    return frappe.local.request_cache[func][args_key]
KeyError: 5740354900026072187

During handling of the above exception, another exception occurred:

Traceback (most recent call last):
  File "/home/madhu/my-bench/apps/frappe/frappe/app.py", line 99, in application
    init_request(request)
  File "/home/madhu/my-bench/apps/frappe/frappe/app.py", line 195, in init_request
    frappe.local.http_request = HTTPRequest()
  File "/home/madhu/my-bench/apps/frappe/frappe/auth.py", line 42, in __init__
    self.set_session()
  File "/home/madhu/my-bench/apps/frappe/frappe/auth.py", line 76, in set_session
    frappe.local.login_manager = LoginManager()
  File "/home/madhu/my-bench/apps/frappe/frappe/auth.py", line 118, in __init__
    self.make_session(resume=True)
  File "/home/madhu/my-bench/apps/frappe/frappe/auth.py", line 204, in make_session
    frappe.local.session_obj = Session(
  File "/home/madhu/my-bench/apps/frappe/frappe/sessions.py", line 212, in __init__
    self.resume()
  File "/home/madhu/my-bench/apps/frappe/frappe/sessions.py", line 288, in resume
    self.validate_user()
  File "/home/madhu/my-bench/apps/frappe/frappe/sessions.py", line 220, in validate_user
    if not frappe.get_cached_value("User", self.user, "enabled"):
  File "/home/madhu/my-bench/apps/frappe/frappe/__init__.py", line 1264, in get_cached_value
    doc = get_cached_doc(doctype, name)
  File "/home/madhu/my-bench/apps/frappe/frappe/__init__.py", line 1207, in get_cached_doc
    doc = get_doc(*args, **kwargs)
  File "/home/madhu/my-bench/apps/frappe/frappe/__init__.py", line 1333, in get_doc
    doc = frappe.model.document.get_doc(*args, **kwargs)
  File "/home/madhu/my-bench/apps/frappe/frappe/model/document.py", line 83, in get_doc
    controller = get_controller(doctype)
  File "/home/madhu/my-bench/apps/frappe/frappe/model/base_document.py", line 66, in get_controller
    return import_controller(doctype)
  File "/home/madhu/my-bench/apps/frappe/frappe/model/base_document.py", line 88, in import_controller
    class_overrides = frappe.get_hooks("override_doctype_class")
  File "/home/madhu/my-bench/apps/frappe/frappe/__init__.py", line 1641, in get_hooks
    hooks = _dict(_load_app_hooks())
  File "/home/madhu/my-bench/apps/frappe/frappe/utils/caching.py", line 57, in wrapper
    return_val = func(*args, **kwargs)
  File "/home/madhu/my-bench/apps/frappe/frappe/__init__.py", line 1610, in _load_app_hooks
    app_hooks = get_module(f"{app}.hooks")
  File "/home/madhu/my-bench/apps/frappe/frappe/__init__.py", line 1476, in get_module
    return importlib.import_module(modulename)
  File "/usr/lib/python3.10/importlib/__init__.py", line 126, in import_module
    return _bootstrap._gcd_import(name[level:], package, level)
  File "<frozen importlib._bootstrap>", line 1050, in _gcd_import
  File "<frozen importlib._bootstrap>", line 1027, in _find_and_load
  File "<frozen importlib._bootstrap>", line 992, in _find_and_load_unlocked
  File "<frozen importlib._bootstrap>", line 241, in _call_with_frames_removed
  File "<frozen importlib._bootstrap>", line 1050, in _gcd_import
  File "<frozen importlib._bootstrap>", line 1027, in _find_and_load
  File "<frozen importlib._bootstrap>", line 1006, in _find_and_load_unlocked
  File "<frozen importlib._bootstrap>", line 688, in _load_unlocked
  File "<frozen importlib._bootstrap_external>", line 883, in exec_module
  File "<frozen importlib._bootstrap>", line 241, in _call_with_frames_removed
  File "/home/madhu/my-bench/apps/airport_shop_management/airport_shop_management/__init__.py", line 2, in <module>
    from .api import check_rent_expiry_and_send_reminders
ImportError: cannot import name 'check_rent_expiry_and_send_reminders' from 'airport_shop_management.api' (/home/madhu/my-bench/apps/airport_shop_management/airport_shop_management/api.py)

During handling of the above exception, another exception occurred:

Traceback (most recent call last):
  File "/home/madhu/my-bench/apps/frappe/frappe/utils/caching.py", line 55, in wrapper
    return frappe.local.request_cache[func][args_key]
KeyError: 5740354900026072187

During handling of the above exception, another exception occurred:

Traceback (most recent call last):
  File "/home/madhu/my-bench/apps/frappe/frappe/utils/error.py", line 86, in log_error_snapshot
    log_error(title=str(exception), defer_insert=True)
  File "/home/madhu/my-bench/apps/frappe/frappe/utils/error.py", line 61, in log_error
    error_log = frappe.get_doc(
  File "/home/madhu/my-bench/apps/frappe/frappe/__init__.py", line 1333, in get_doc
    doc = frappe.model.document.get_doc(*args, **kwargs)
  File "/home/madhu/my-bench/apps/frappe/frappe/model/document.py", line 83, in get_doc
    controller = get_controller(doctype)
  File "/home/madhu/my-bench/apps/frappe/frappe/model/base_document.py", line 66, in get_controller
    return import_controller(doctype)
  File "/home/madhu/my-bench/apps/frappe/frappe/model/base_document.py", line 88, in import_controller
    class_overrides = frappe.get_hooks("override_doctype_class")
  File "/home/madhu/my-bench/apps/frappe/frappe/__init__.py", line 1641, in get_hooks
    hooks = _dict(_load_app_hooks())
  File "/home/madhu/my-bench/apps/frappe/frappe/utils/caching.py", line 57, in wrapper
    return_val = func(*args, **kwargs)
  File "/home/madhu/my-bench/apps/frappe/frappe/__init__.py", line 1610, in _load_app_hooks
    app_hooks = get_module(f"{app}.hooks")
  File "/home/madhu/my-bench/apps/frappe/frappe/__init__.py", line 1476, in get_module
    return importlib.import_module(modulename)
  File "/usr/lib/python3.10/importlib/__init__.py", line 126, in import_module
    return _bootstrap._gcd_import(name[level:], package, level)
  File "<frozen importlib._bootstrap>", line 1050, in _gcd_import
  File "<frozen importlib._bootstrap>", line 1027, in _find_and_load
  File "<frozen importlib._bootstrap>", line 992, in _find_and_load_unlocked
  File "<frozen importlib._bootstrap>", line 241, in _call_with_frames_removed
  File "<frozen importlib._bootstrap>", line 1050, in _gcd_import
  File "<frozen importlib._bootstrap>", line 1027, in _find_and_load
  File "<frozen importlib._bootstrap>", line 1006, in _find_and_load_unlocked
  File "<frozen importlib._bootstrap>", line 688, in _load_unlocked
  File "<frozen importlib._bootstrap_external>", line 883, in exec_module
  File "<frozen importlib._bootstrap>", line 241, in _call_with_frames_removed
  File "/home/madhu/my-bench/apps/airport_shop_management/airport_shop_management/__init__.py", line 2, in <module>
    from .api import check_rent_expiry_and_send_reminders
ImportError: cannot import name 'check_rent_expiry_and_send_reminders' from 'airport_shop_management.api' (/home/madhu/my-bench/apps/airport_shop_management/airport_shop_management/api.py)
2024-11-08 10:48:55,988 ERROR frappe Failed to run after request hook
Site: demo3
Form Dict: {}
Traceback (most recent call last):
  File "/home/madhu/my-bench/apps/frappe/frappe/utils/caching.py", line 55, in wrapper
    return frappe.local.request_cache[func][args_key]
KeyError: 5740354900026072187

During handling of the above exception, another exception occurred:

Traceback (most recent call last):
  File "/home/madhu/my-bench/apps/frappe/frappe/app.py", line 146, in application
    run_after_request_hooks(request, response)
  File "/home/madhu/my-bench/apps/frappe/frappe/app.py", line 161, in run_after_request_hooks
    for after_request_task in frappe.get_hooks("after_request"):
  File "/home/madhu/my-bench/apps/frappe/frappe/__init__.py", line 1641, in get_hooks
    hooks = _dict(_load_app_hooks())
  File "/home/madhu/my-bench/apps/frappe/frappe/utils/caching.py", line 57, in wrapper
    return_val = func(*args, **kwargs)
  File "/home/madhu/my-bench/apps/frappe/frappe/__init__.py", line 1610, in _load_app_hooks
    app_hooks = get_module(f"{app}.hooks")
  File "/home/madhu/my-bench/apps/frappe/frappe/__init__.py", line 1476, in get_module
    return importlib.import_module(modulename)
  File "/usr/lib/python3.10/importlib/__init__.py", line 126, in import_module
    return _bootstrap._gcd_import(name[level:], package, level)
  File "<frozen importlib._bootstrap>", line 1050, in _gcd_import
  File "<frozen importlib._bootstrap>", line 1027, in _find_and_load
  File "<frozen importlib._bootstrap>", line 992, in _find_and_load_unlocked
  File "<frozen importlib._bootstrap>", line 241, in _call_with_frames_removed
  File "<frozen importlib._bootstrap>", line 1050, in _gcd_import
  File "<frozen importlib._bootstrap>", line 1027, in _find_and_load
  File "<frozen importlib._bootstrap>", line 1006, in _find_and_load_unlocked
  File "<frozen importlib._bootstrap>", line 688, in _load_unlocked
  File "<frozen importlib._bootstrap_external>", line 883, in exec_module
  File "<frozen importlib._bootstrap>", line 241, in _call_with_frames_removed
  File "/home/madhu/my-bench/apps/airport_shop_management/airport_shop_management/__init__.py", line 2, in <module>
    from .api import check_rent_expiry_and_send_reminders
ImportError: cannot import name 'check_rent_expiry_and_send_reminders' from 'airport_shop_management.api' (/home/madhu/my-bench/apps/airport_shop_management/airport_shop_management/api.py)
2024-11-08 10:49:26,914 ERROR frappe Could not take error snapshot: cannot import name 'check_rent_expiry_and_send_reminders' from 'airport_shop_management.api' (/home/madhu/my-bench/apps/airport_shop_management/airport_shop_management/api.py)
Site: demo3
Form Dict: {}
Traceback (most recent call last):
  File "/home/madhu/my-bench/apps/frappe/frappe/utils/caching.py", line 55, in wrapper
    return frappe.local.request_cache[func][args_key]
KeyError: 5740354900026072187

During handling of the above exception, another exception occurred:

Traceback (most recent call last):
  File "/home/madhu/my-bench/apps/frappe/frappe/app.py", line 99, in application
    init_request(request)
  File "/home/madhu/my-bench/apps/frappe/frappe/app.py", line 195, in init_request
    frappe.local.http_request = HTTPRequest()
  File "/home/madhu/my-bench/apps/frappe/frappe/auth.py", line 42, in __init__
    self.set_session()
  File "/home/madhu/my-bench/apps/frappe/frappe/auth.py", line 76, in set_session
    frappe.local.login_manager = LoginManager()
  File "/home/madhu/my-bench/apps/frappe/frappe/auth.py", line 118, in __init__
    self.make_session(resume=True)
  File "/home/madhu/my-bench/apps/frappe/frappe/auth.py", line 204, in make_session
    frappe.local.session_obj = Session(
  File "/home/madhu/my-bench/apps/frappe/frappe/sessions.py", line 212, in __init__
    self.resume()
  File "/home/madhu/my-bench/apps/frappe/frappe/sessions.py", line 288, in resume
    self.validate_user()
  File "/home/madhu/my-bench/apps/frappe/frappe/sessions.py", line 220, in validate_user
    if not frappe.get_cached_value("User", self.user, "enabled"):
  File "/home/madhu/my-bench/apps/frappe/frappe/__init__.py", line 1264, in get_cached_value
    doc = get_cached_doc(doctype, name)
  File "/home/madhu/my-bench/apps/frappe/frappe/__init__.py", line 1207, in get_cached_doc
    doc = get_doc(*args, **kwargs)
  File "/home/madhu/my-bench/apps/frappe/frappe/__init__.py", line 1333, in get_doc
    doc = frappe.model.document.get_doc(*args, **kwargs)
  File "/home/madhu/my-bench/apps/frappe/frappe/model/document.py", line 83, in get_doc
    controller = get_controller(doctype)
  File "/home/madhu/my-bench/apps/frappe/frappe/model/base_document.py", line 66, in get_controller
    return import_controller(doctype)
  File "/home/madhu/my-bench/apps/frappe/frappe/model/base_document.py", line 88, in import_controller
    class_overrides = frappe.get_hooks("override_doctype_class")
  File "/home/madhu/my-bench/apps/frappe/frappe/__init__.py", line 1641, in get_hooks
    hooks = _dict(_load_app_hooks())
  File "/home/madhu/my-bench/apps/frappe/frappe/utils/caching.py", line 57, in wrapper
    return_val = func(*args, **kwargs)
  File "/home/madhu/my-bench/apps/frappe/frappe/__init__.py", line 1610, in _load_app_hooks
    app_hooks = get_module(f"{app}.hooks")
  File "/home/madhu/my-bench/apps/frappe/frappe/__init__.py", line 1476, in get_module
    return importlib.import_module(modulename)
  File "/usr/lib/python3.10/importlib/__init__.py", line 126, in import_module
    return _bootstrap._gcd_import(name[level:], package, level)
  File "<frozen importlib._bootstrap>", line 1050, in _gcd_import
  File "<frozen importlib._bootstrap>", line 1027, in _find_and_load
  File "<frozen importlib._bootstrap>", line 992, in _find_and_load_unlocked
  File "<frozen importlib._bootstrap>", line 241, in _call_with_frames_removed
  File "<frozen importlib._bootstrap>", line 1050, in _gcd_import
  File "<frozen importlib._bootstrap>", line 1027, in _find_and_load
  File "<frozen importlib._bootstrap>", line 1006, in _find_and_load_unlocked
  File "<frozen importlib._bootstrap>", line 688, in _load_unlocked
  File "<frozen importlib._bootstrap_external>", line 883, in exec_module
  File "<frozen importlib._bootstrap>", line 241, in _call_with_frames_removed
  File "/home/madhu/my-bench/apps/airport_shop_management/airport_shop_management/__init__.py", line 2, in <module>
    from .api import check_rent_expiry_and_send_reminders
ImportError: cannot import name 'check_rent_expiry_and_send_reminders' from 'airport_shop_management.api' (/home/madhu/my-bench/apps/airport_shop_management/airport_shop_management/api.py)

During handling of the above exception, another exception occurred:

Traceback (most recent call last):
  File "/home/madhu/my-bench/apps/frappe/frappe/utils/caching.py", line 55, in wrapper
    return frappe.local.request_cache[func][args_key]
KeyError: 5740354900026072187

During handling of the above exception, another exception occurred:

Traceback (most recent call last):
  File "/home/madhu/my-bench/apps/frappe/frappe/utils/error.py", line 86, in log_error_snapshot
    log_error(title=str(exception), defer_insert=True)
  File "/home/madhu/my-bench/apps/frappe/frappe/utils/error.py", line 61, in log_error
    error_log = frappe.get_doc(
  File "/home/madhu/my-bench/apps/frappe/frappe/__init__.py", line 1333, in get_doc
    doc = frappe.model.document.get_doc(*args, **kwargs)
  File "/home/madhu/my-bench/apps/frappe/frappe/model/document.py", line 83, in get_doc
    controller = get_controller(doctype)
  File "/home/madhu/my-bench/apps/frappe/frappe/model/base_document.py", line 66, in get_controller
    return import_controller(doctype)
  File "/home/madhu/my-bench/apps/frappe/frappe/model/base_document.py", line 88, in import_controller
    class_overrides = frappe.get_hooks("override_doctype_class")
  File "/home/madhu/my-bench/apps/frappe/frappe/__init__.py", line 1641, in get_hooks
    hooks = _dict(_load_app_hooks())
  File "/home/madhu/my-bench/apps/frappe/frappe/utils/caching.py", line 57, in wrapper
    return_val = func(*args, **kwargs)
  File "/home/madhu/my-bench/apps/frappe/frappe/__init__.py", line 1610, in _load_app_hooks
    app_hooks = get_module(f"{app}.hooks")
  File "/home/madhu/my-bench/apps/frappe/frappe/__init__.py", line 1476, in get_module
    return importlib.import_module(modulename)
  File "/usr/lib/python3.10/importlib/__init__.py", line 126, in import_module
    return _bootstrap._gcd_import(name[level:], package, level)
  File "<frozen importlib._bootstrap>", line 1050, in _gcd_import
  File "<frozen importlib._bootstrap>", line 1027, in _find_and_load
  File "<frozen importlib._bootstrap>", line 992, in _find_and_load_unlocked
  File "<frozen importlib._bootstrap>", line 241, in _call_with_frames_removed
  File "<frozen importlib._bootstrap>", line 1050, in _gcd_import
  File "<frozen importlib._bootstrap>", line 1027, in _find_and_load
  File "<frozen importlib._bootstrap>", line 1006, in _find_and_load_unlocked
  File "<frozen importlib._bootstrap>", line 688, in _load_unlocked
  File "<frozen importlib._bootstrap_external>", line 883, in exec_module
  File "<frozen importlib._bootstrap>", line 241, in _call_with_frames_removed
  File "/home/madhu/my-bench/apps/airport_shop_management/airport_shop_management/__init__.py", line 2, in <module>
    from .api import check_rent_expiry_and_send_reminders
ImportError: cannot import name 'check_rent_expiry_and_send_reminders' from 'airport_shop_management.api' (/home/madhu/my-bench/apps/airport_shop_management/airport_shop_management/api.py)
2024-11-08 10:49:26,915 ERROR frappe Failed to run after request hook
Site: demo3
Form Dict: {}
Traceback (most recent call last):
  File "/home/madhu/my-bench/apps/frappe/frappe/utils/caching.py", line 55, in wrapper
    return frappe.local.request_cache[func][args_key]
KeyError: 5740354900026072187

During handling of the above exception, another exception occurred:

Traceback (most recent call last):
  File "/home/madhu/my-bench/apps/frappe/frappe/app.py", line 146, in application
    run_after_request_hooks(request, response)
  File "/home/madhu/my-bench/apps/frappe/frappe/app.py", line 161, in run_after_request_hooks
    for after_request_task in frappe.get_hooks("after_request"):
  File "/home/madhu/my-bench/apps/frappe/frappe/__init__.py", line 1641, in get_hooks
    hooks = _dict(_load_app_hooks())
  File "/home/madhu/my-bench/apps/frappe/frappe/utils/caching.py", line 57, in wrapper
    return_val = func(*args, **kwargs)
  File "/home/madhu/my-bench/apps/frappe/frappe/__init__.py", line 1610, in _load_app_hooks
    app_hooks = get_module(f"{app}.hooks")
  File "/home/madhu/my-bench/apps/frappe/frappe/__init__.py", line 1476, in get_module
    return importlib.import_module(modulename)
  File "/usr/lib/python3.10/importlib/__init__.py", line 126, in import_module
    return _bootstrap._gcd_import(name[level:], package, level)
  File "<frozen importlib._bootstrap>", line 1050, in _gcd_import
  File "<frozen importlib._bootstrap>", line 1027, in _find_and_load
  File "<frozen importlib._bootstrap>", line 992, in _find_and_load_unlocked
  File "<frozen importlib._bootstrap>", line 241, in _call_with_frames_removed
  File "<frozen importlib._bootstrap>", line 1050, in _gcd_import
  File "<frozen importlib._bootstrap>", line 1027, in _find_and_load
  File "<frozen importlib._bootstrap>", line 1006, in _find_and_load_unlocked
  File "<frozen importlib._bootstrap>", line 688, in _load_unlocked
  File "<frozen importlib._bootstrap_external>", line 883, in exec_module
  File "<frozen importlib._bootstrap>", line 241, in _call_with_frames_removed
  File "/home/madhu/my-bench/apps/airport_shop_management/airport_shop_management/__init__.py", line 2, in <module>
    from .api import check_rent_expiry_and_send_reminders
ImportError: cannot import name 'check_rent_expiry_and_send_reminders' from 'airport_shop_management.api' (/home/madhu/my-bench/apps/airport_shop_management/airport_shop_management/api.py)
2024-11-08 10:50:01,242 ERROR frappe Could not take error snapshot: cannot import name 'check_rent_expiry_and_send_reminders' from 'airport_shop_management.api' (/home/madhu/my-bench/apps/airport_shop_management/airport_shop_management/api.py)
Site: demo3
Form Dict: {}
Traceback (most recent call last):
  File "/home/madhu/my-bench/apps/frappe/frappe/utils/caching.py", line 55, in wrapper
    return frappe.local.request_cache[func][args_key]
KeyError: 5740354900026072187

During handling of the above exception, another exception occurred:

Traceback (most recent call last):
  File "/home/madhu/my-bench/apps/frappe/frappe/app.py", line 99, in application
    init_request(request)
  File "/home/madhu/my-bench/apps/frappe/frappe/app.py", line 195, in init_request
    frappe.local.http_request = HTTPRequest()
  File "/home/madhu/my-bench/apps/frappe/frappe/auth.py", line 42, in __init__
    self.set_session()
  File "/home/madhu/my-bench/apps/frappe/frappe/auth.py", line 76, in set_session
    frappe.local.login_manager = LoginManager()
  File "/home/madhu/my-bench/apps/frappe/frappe/auth.py", line 118, in __init__
    self.make_session(resume=True)
  File "/home/madhu/my-bench/apps/frappe/frappe/auth.py", line 204, in make_session
    frappe.local.session_obj = Session(
  File "/home/madhu/my-bench/apps/frappe/frappe/sessions.py", line 212, in __init__
    self.resume()
  File "/home/madhu/my-bench/apps/frappe/frappe/sessions.py", line 288, in resume
    self.validate_user()
  File "/home/madhu/my-bench/apps/frappe/frappe/sessions.py", line 220, in validate_user
    if not frappe.get_cached_value("User", self.user, "enabled"):
  File "/home/madhu/my-bench/apps/frappe/frappe/__init__.py", line 1264, in get_cached_value
    doc = get_cached_doc(doctype, name)
  File "/home/madhu/my-bench/apps/frappe/frappe/__init__.py", line 1207, in get_cached_doc
    doc = get_doc(*args, **kwargs)
  File "/home/madhu/my-bench/apps/frappe/frappe/__init__.py", line 1333, in get_doc
    doc = frappe.model.document.get_doc(*args, **kwargs)
  File "/home/madhu/my-bench/apps/frappe/frappe/model/document.py", line 83, in get_doc
    controller = get_controller(doctype)
  File "/home/madhu/my-bench/apps/frappe/frappe/model/base_document.py", line 66, in get_controller
    return import_controller(doctype)
  File "/home/madhu/my-bench/apps/frappe/frappe/model/base_document.py", line 88, in import_controller
    class_overrides = frappe.get_hooks("override_doctype_class")
  File "/home/madhu/my-bench/apps/frappe/frappe/__init__.py", line 1641, in get_hooks
    hooks = _dict(_load_app_hooks())
  File "/home/madhu/my-bench/apps/frappe/frappe/utils/caching.py", line 57, in wrapper
    return_val = func(*args, **kwargs)
  File "/home/madhu/my-bench/apps/frappe/frappe/__init__.py", line 1610, in _load_app_hooks
    app_hooks = get_module(f"{app}.hooks")
  File "/home/madhu/my-bench/apps/frappe/frappe/__init__.py", line 1476, in get_module
    return importlib.import_module(modulename)
  File "/usr/lib/python3.10/importlib/__init__.py", line 126, in import_module
    return _bootstrap._gcd_import(name[level:], package, level)
  File "<frozen importlib._bootstrap>", line 1050, in _gcd_import
  File "<frozen importlib._bootstrap>", line 1027, in _find_and_load
  File "<frozen importlib._bootstrap>", line 992, in _find_and_load_unlocked
  File "<frozen importlib._bootstrap>", line 241, in _call_with_frames_removed
  File "<frozen importlib._bootstrap>", line 1050, in _gcd_import
  File "<frozen importlib._bootstrap>", line 1027, in _find_and_load
  File "<frozen importlib._bootstrap>", line 1006, in _find_and_load_unlocked
  File "<frozen importlib._bootstrap>", line 688, in _load_unlocked
  File "<frozen importlib._bootstrap_external>", line 883, in exec_module
  File "<frozen importlib._bootstrap>", line 241, in _call_with_frames_removed
  File "/home/madhu/my-bench/apps/airport_shop_management/airport_shop_management/__init__.py", line 2, in <module>
    from .api import check_rent_expiry_and_send_reminders
ImportError: cannot import name 'check_rent_expiry_and_send_reminders' from 'airport_shop_management.api' (/home/madhu/my-bench/apps/airport_shop_management/airport_shop_management/api.py)

During handling of the above exception, another exception occurred:

Traceback (most recent call last):
  File "/home/madhu/my-bench/apps/frappe/frappe/utils/caching.py", line 55, in wrapper
    return frappe.local.request_cache[func][args_key]
KeyError: 5740354900026072187

During handling of the above exception, another exception occurred:

Traceback (most recent call last):
  File "/home/madhu/my-bench/apps/frappe/frappe/utils/error.py", line 86, in log_error_snapshot
    log_error(title=str(exception), defer_insert=True)
  File "/home/madhu/my-bench/apps/frappe/frappe/utils/error.py", line 61, in log_error
    error_log = frappe.get_doc(
  File "/home/madhu/my-bench/apps/frappe/frappe/__init__.py", line 1333, in get_doc
    doc = frappe.model.document.get_doc(*args, **kwargs)
  File "/home/madhu/my-bench/apps/frappe/frappe/model/document.py", line 83, in get_doc
    controller = get_controller(doctype)
  File "/home/madhu/my-bench/apps/frappe/frappe/model/base_document.py", line 66, in get_controller
    return import_controller(doctype)
  File "/home/madhu/my-bench/apps/frappe/frappe/model/base_document.py", line 88, in import_controller
    class_overrides = frappe.get_hooks("override_doctype_class")
  File "/home/madhu/my-bench/apps/frappe/frappe/__init__.py", line 1641, in get_hooks
    hooks = _dict(_load_app_hooks())
  File "/home/madhu/my-bench/apps/frappe/frappe/utils/caching.py", line 57, in wrapper
    return_val = func(*args, **kwargs)
  File "/home/madhu/my-bench/apps/frappe/frappe/__init__.py", line 1610, in _load_app_hooks
    app_hooks = get_module(f"{app}.hooks")
  File "/home/madhu/my-bench/apps/frappe/frappe/__init__.py", line 1476, in get_module
    return importlib.import_module(modulename)
  File "/usr/lib/python3.10/importlib/__init__.py", line 126, in import_module
    return _bootstrap._gcd_import(name[level:], package, level)
  File "<frozen importlib._bootstrap>", line 1050, in _gcd_import
  File "<frozen importlib._bootstrap>", line 1027, in _find_and_load
  File "<frozen importlib._bootstrap>", line 992, in _find_and_load_unlocked
  File "<frozen importlib._bootstrap>", line 241, in _call_with_frames_removed
  File "<frozen importlib._bootstrap>", line 1050, in _gcd_import
  File "<frozen importlib._bootstrap>", line 1027, in _find_and_load
  File "<frozen importlib._bootstrap>", line 1006, in _find_and_load_unlocked
  File "<frozen importlib._bootstrap>", line 688, in _load_unlocked
  File "<frozen importlib._bootstrap_external>", line 883, in exec_module
  File "<frozen importlib._bootstrap>", line 241, in _call_with_frames_removed
  File "/home/madhu/my-bench/apps/airport_shop_management/airport_shop_management/__init__.py", line 2, in <module>
    from .api import check_rent_expiry_and_send_reminders
ImportError: cannot import name 'check_rent_expiry_and_send_reminders' from 'airport_shop_management.api' (/home/madhu/my-bench/apps/airport_shop_management/airport_shop_management/api.py)
2024-11-08 10:50:01,244 ERROR frappe Failed to run after request hook
Site: demo3
Form Dict: {}
Traceback (most recent call last):
  File "/home/madhu/my-bench/apps/frappe/frappe/utils/caching.py", line 55, in wrapper
    return frappe.local.request_cache[func][args_key]
KeyError: 5740354900026072187

During handling of the above exception, another exception occurred:

Traceback (most recent call last):
  File "/home/madhu/my-bench/apps/frappe/frappe/app.py", line 146, in application
    run_after_request_hooks(request, response)
  File "/home/madhu/my-bench/apps/frappe/frappe/app.py", line 161, in run_after_request_hooks
    for after_request_task in frappe.get_hooks("after_request"):
  File "/home/madhu/my-bench/apps/frappe/frappe/__init__.py", line 1641, in get_hooks
    hooks = _dict(_load_app_hooks())
  File "/home/madhu/my-bench/apps/frappe/frappe/utils/caching.py", line 57, in wrapper
    return_val = func(*args, **kwargs)
  File "/home/madhu/my-bench/apps/frappe/frappe/__init__.py", line 1610, in _load_app_hooks
    app_hooks = get_module(f"{app}.hooks")
  File "/home/madhu/my-bench/apps/frappe/frappe/__init__.py", line 1476, in get_module
    return importlib.import_module(modulename)
  File "/usr/lib/python3.10/importlib/__init__.py", line 126, in import_module
    return _bootstrap._gcd_import(name[level:], package, level)
  File "<frozen importlib._bootstrap>", line 1050, in _gcd_import
  File "<frozen importlib._bootstrap>", line 1027, in _find_and_load
  File "<frozen importlib._bootstrap>", line 992, in _find_and_load_unlocked
  File "<frozen importlib._bootstrap>", line 241, in _call_with_frames_removed
  File "<frozen importlib._bootstrap>", line 1050, in _gcd_import
  File "<frozen importlib._bootstrap>", line 1027, in _find_and_load
  File "<frozen importlib._bootstrap>", line 1006, in _find_and_load_unlocked
  File "<frozen importlib._bootstrap>", line 688, in _load_unlocked
  File "<frozen importlib._bootstrap_external>", line 883, in exec_module
  File "<frozen importlib._bootstrap>", line 241, in _call_with_frames_removed
  File "/home/madhu/my-bench/apps/airport_shop_management/airport_shop_management/__init__.py", line 2, in <module>
    from .api import check_rent_expiry_and_send_reminders
ImportError: cannot import name 'check_rent_expiry_and_send_reminders' from 'airport_shop_management.api' (/home/madhu/my-bench/apps/airport_shop_management/airport_shop_management/api.py)
2024-11-08 10:53:24,688 ERROR frappe New Exception collected in error log
Site: demo3
Form Dict: {'doc': '{"docstatus":0,"doctype":"Shop","name":"new-shop-kjefpjlkes","__islocal":1,"__unsaved":1,"owner":"Administrator","status":"Occupied","shop_number":"107","shop_name":"Electronic Store","area":150,"airport":"Delhi International","tenant":"Madhu","rent_amount":40000,"expiry_date":"2024-11-09"}', 'action': 'Save', 'cmd': 'frappe.desk.form.save.savedocs'}
2024-11-08 10:53:31,899 ERROR frappe New Exception collected in error log
Site: demo3
Form Dict: {'doc': '{"docstatus":0,"doctype":"Shop","name":"new-shop-kjefpjlkes","__islocal":1,"__unsaved":1,"owner":"Administrator","status":"Occupied","shop_number":"107","shop_name":"Electronic Store","area":150,"airport":"Delhi International","tenant":"Madhu","rent_amount":40000,"expiry_date":"2024-11-09"}', 'action': 'Save', 'cmd': 'frappe.desk.form.save.savedocs'}
